<?xml version="1.0" encoding="UTF-8"?>
<testsuite xmlns:xsi="http://www.w3.org/2001/XMLSchema-instance" xsi:noNamespaceSchemaLocation="https://maven.apache.org/surefire/maven-surefire-plugin/xsd/surefire-test-report.xsd" name="TestSuite" time="43.469" tests="3" errors="0" skipped="0" failures="0">
  <properties>
    <property name="sun.desktop" value="windows"/>
    <property name="awt.toolkit" value="sun.awt.windows.WToolkit"/>
    <property name="file.encoding.pkg" value="sun.io"/>
    <property name="java.specification.version" value="1.8"/>
    <property name="sun.cpu.isalist" value="amd64"/>
    <property name="sun.jnu.encoding" value="GBK"/>
    <property name="java.class.path" value="E:\Selenium\Code\git\SeleniumDemoProj\target\test-classes;E:\Selenium\Code\git\SeleniumDemoProj\target\classes;E:\Maven\.m2\repository\org\seleniumhq\selenium\selenium-java\3.141.59\selenium-java-3.141.59.jar;E:\Maven\.m2\repository\org\seleniumhq\selenium\selenium-chrome-driver\3.141.59\selenium-chrome-driver-3.141.59.jar;E:\Maven\.m2\repository\org\seleniumhq\selenium\selenium-edge-driver\3.141.59\selenium-edge-driver-3.141.59.jar;E:\Maven\.m2\repository\org\seleniumhq\selenium\selenium-firefox-driver\3.141.59\selenium-firefox-driver-3.141.59.jar;E:\Maven\.m2\repository\org\seleniumhq\selenium\selenium-ie-driver\3.141.59\selenium-ie-driver-3.141.59.jar;E:\Maven\.m2\repository\org\seleniumhq\selenium\selenium-opera-driver\3.141.59\selenium-opera-driver-3.141.59.jar;E:\Maven\.m2\repository\org\seleniumhq\selenium\selenium-remote-driver\3.141.59\selenium-remote-driver-3.141.59.jar;E:\Maven\.m2\repository\org\seleniumhq\selenium\selenium-safari-driver\3.141.59\selenium-safari-driver-3.141.59.jar;E:\Maven\.m2\repository\org\seleniumhq\selenium\selenium-support\3.141.59\selenium-support-3.141.59.jar;E:\Maven\.m2\repository\net\bytebuddy\byte-buddy\1.8.15\byte-buddy-1.8.15.jar;E:\Maven\.m2\repository\org\apache\commons\commons-exec\1.3\commons-exec-1.3.jar;E:\Maven\.m2\repository\com\google\guava\guava\25.0-jre\guava-25.0-jre.jar;E:\Maven\.m2\repository\com\google\code\findbugs\jsr305\1.3.9\jsr305-1.3.9.jar;E:\Maven\.m2\repository\org\checkerframework\checker-compat-qual\2.0.0\checker-compat-qual-2.0.0.jar;E:\Maven\.m2\repository\com\google\errorprone\error_prone_annotations\2.1.3\error_prone_annotations-2.1.3.jar;E:\Maven\.m2\repository\com\google\j2objc\j2objc-annotations\1.1\j2objc-annotations-1.1.jar;E:\Maven\.m2\repository\org\codehaus\mojo\animal-sniffer-annotations\1.14\animal-sniffer-annotations-1.14.jar;E:\Maven\.m2\repository\com\squareup\okhttp3\okhttp\3.11.0\okhttp-3.11.0.jar;E:\Maven\.m2\repository\com\squareup\okio\okio\1.14.0\okio-1.14.0.jar;E:\Maven\.m2\repository\org\seleniumhq\selenium\selenium-api\3.141.59\selenium-api-3.141.59.jar;E:\Maven\.m2\repository\org\seleniumhq\selenium\selenium-server\3.141.59\selenium-server-3.141.59.jar;E:\Maven\.m2\repository\com\beust\jcommander\1.72\jcommander-1.72.jar;E:\Maven\.m2\repository\net\jcip\jcip-annotations\1.0\jcip-annotations-1.0.jar;E:\Maven\.m2\repository\org\seleniumhq\selenium\jetty-repacked\9.4.12.v20180830\jetty-repacked-9.4.12.v20180830.jar;E:\Maven\.m2\repository\javax\servlet\javax.servlet-api\3.1.0\javax.servlet-api-3.1.0.jar;E:\Maven\.m2\repository\org\yaml\snakeyaml\1.19\snakeyaml-1.19.jar;E:\Maven\.m2\repository\org\testng\testng\6.14.3\testng-6.14.3.jar;E:\Maven\.m2\repository\org\apache-extras\beanshell\bsh\2.0b6\bsh-2.0b6.jar;E:\Maven\.m2\repository\org\uncommons\reportng\1.1.4\reportng-1.1.4.jar;E:\Maven\.m2\repository\velocity\velocity\1.4\velocity-1.4.jar;E:\Maven\.m2\repository\velocity\velocity-dep\1.4\velocity-dep-1.4.jar;E:\Maven\.m2\repository\com\google\inject\guice\4.2.2\guice-4.2.2.jar;E:\Maven\.m2\repository\javax\inject\javax.inject\1\javax.inject-1.jar;E:\Maven\.m2\repository\aopalliance\aopalliance\1.0\aopalliance-1.0.jar;E:\Maven\.m2\repository\junit\junit\3.8.1\junit-3.8.1.jar;"/>
    <property name="java.vm.vendor" value="Oracle Corporation"/>
    <property name="sun.arch.data.model" value="64"/>
    <property name="user.variant" value=""/>
    <property name="java.vendor.url" value="http://java.oracle.com/"/>
    <property name="user.timezone" value="Asia/Shanghai"/>
    <property name="java.vm.specification.version" value="1.8"/>
    <property name="os.name" value="Windows 8"/>
    <property name="user.country" value="CN"/>
    <property name="sun.java.launcher" value="SUN_STANDARD"/>
    <property name="sun.boot.library.path" value="C:\Java\jdk1.8.0_191\jre\bin"/>
    <property name="sun.java.command" value="C:\windows\TEMP\surefire6778610307045882578\surefirebooter7342734996064276869.jar C:\Windows\Temp\surefire6778610307045882578 2019-10-06T21-52-36_047-jvmRun1 surefire5914824122986270402tmp surefire_04048039316051864197tmp"/>
    <property name="surefire.test.class.path" value="E:\Selenium\Code\git\SeleniumDemoProj\target\test-classes;E:\Selenium\Code\git\SeleniumDemoProj\target\classes;E:\Maven\.m2\repository\org\seleniumhq\selenium\selenium-java\3.141.59\selenium-java-3.141.59.jar;E:\Maven\.m2\repository\org\seleniumhq\selenium\selenium-chrome-driver\3.141.59\selenium-chrome-driver-3.141.59.jar;E:\Maven\.m2\repository\org\seleniumhq\selenium\selenium-edge-driver\3.141.59\selenium-edge-driver-3.141.59.jar;E:\Maven\.m2\repository\org\seleniumhq\selenium\selenium-firefox-driver\3.141.59\selenium-firefox-driver-3.141.59.jar;E:\Maven\.m2\repository\org\seleniumhq\selenium\selenium-ie-driver\3.141.59\selenium-ie-driver-3.141.59.jar;E:\Maven\.m2\repository\org\seleniumhq\selenium\selenium-opera-driver\3.141.59\selenium-opera-driver-3.141.59.jar;E:\Maven\.m2\repository\org\seleniumhq\selenium\selenium-remote-driver\3.141.59\selenium-remote-driver-3.141.59.jar;E:\Maven\.m2\repository\org\seleniumhq\selenium\selenium-safari-driver\3.141.59\selenium-safari-driver-3.141.59.jar;E:\Maven\.m2\repository\org\seleniumhq\selenium\selenium-support\3.141.59\selenium-support-3.141.59.jar;E:\Maven\.m2\repository\net\bytebuddy\byte-buddy\1.8.15\byte-buddy-1.8.15.jar;E:\Maven\.m2\repository\org\apache\commons\commons-exec\1.3\commons-exec-1.3.jar;E:\Maven\.m2\repository\com\google\guava\guava\25.0-jre\guava-25.0-jre.jar;E:\Maven\.m2\repository\com\google\code\findbugs\jsr305\1.3.9\jsr305-1.3.9.jar;E:\Maven\.m2\repository\org\checkerframework\checker-compat-qual\2.0.0\checker-compat-qual-2.0.0.jar;E:\Maven\.m2\repository\com\google\errorprone\error_prone_annotations\2.1.3\error_prone_annotations-2.1.3.jar;E:\Maven\.m2\repository\com\google\j2objc\j2objc-annotations\1.1\j2objc-annotations-1.1.jar;E:\Maven\.m2\repository\org\codehaus\mojo\animal-sniffer-annotations\1.14\animal-sniffer-annotations-1.14.jar;E:\Maven\.m2\repository\com\squareup\okhttp3\okhttp\3.11.0\okhttp-3.11.0.jar;E:\Maven\.m2\repository\com\squareup\okio\okio\1.14.0\okio-1.14.0.jar;E:\Maven\.m2\repository\org\seleniumhq\selenium\selenium-api\3.141.59\selenium-api-3.141.59.jar;E:\Maven\.m2\repository\org\seleniumhq\selenium\selenium-server\3.141.59\selenium-server-3.141.59.jar;E:\Maven\.m2\repository\com\beust\jcommander\1.72\jcommander-1.72.jar;E:\Maven\.m2\repository\net\jcip\jcip-annotations\1.0\jcip-annotations-1.0.jar;E:\Maven\.m2\repository\org\seleniumhq\selenium\jetty-repacked\9.4.12.v20180830\jetty-repacked-9.4.12.v20180830.jar;E:\Maven\.m2\repository\javax\servlet\javax.servlet-api\3.1.0\javax.servlet-api-3.1.0.jar;E:\Maven\.m2\repository\org\yaml\snakeyaml\1.19\snakeyaml-1.19.jar;E:\Maven\.m2\repository\org\testng\testng\6.14.3\testng-6.14.3.jar;E:\Maven\.m2\repository\org\apache-extras\beanshell\bsh\2.0b6\bsh-2.0b6.jar;E:\Maven\.m2\repository\org\uncommons\reportng\1.1.4\reportng-1.1.4.jar;E:\Maven\.m2\repository\velocity\velocity\1.4\velocity-1.4.jar;E:\Maven\.m2\repository\velocity\velocity-dep\1.4\velocity-dep-1.4.jar;E:\Maven\.m2\repository\com\google\inject\guice\4.2.2\guice-4.2.2.jar;E:\Maven\.m2\repository\javax\inject\javax.inject\1\javax.inject-1.jar;E:\Maven\.m2\repository\aopalliance\aopalliance\1.0\aopalliance-1.0.jar;E:\Maven\.m2\repository\junit\junit\3.8.1\junit-3.8.1.jar;"/>
    <property name="sun.cpu.endian" value="little"/>
    <property name="user.home" value="C:\Users\chenyongjun"/>
    <property name="user.language" value="zh"/>
    <property name="java.specification.vendor" value="Oracle Corporation"/>
    <property name="java.home" value="C:\Java\jdk1.8.0_191\jre"/>
    <property name="basedir" value="E:\Selenium\Code\git\SeleniumDemoProj"/>
    <property name="file.separator" value="\"/>
    <property name="line.separator" value="&#10;"/>
    <property name="java.vm.specification.vendor" value="Oracle Corporation"/>
    <property name="java.specification.name" value="Java Platform API Specification"/>
    <property name="java.awt.graphicsenv" value="sun.awt.Win32GraphicsEnvironment"/>
    <property name="surefire.real.class.path" value="C:\windows\TEMP\surefire6778610307045882578\surefirebooter7342734996064276869.jar"/>
    <property name="sun.boot.class.path" value="C:\Java\jdk1.8.0_191\jre\lib\resources.jar;C:\Java\jdk1.8.0_191\jre\lib\rt.jar;C:\Java\jdk1.8.0_191\jre\lib\sunrsasign.jar;C:\Java\jdk1.8.0_191\jre\lib\jsse.jar;C:\Java\jdk1.8.0_191\jre\lib\jce.jar;C:\Java\jdk1.8.0_191\jre\lib\charsets.jar;C:\Java\jdk1.8.0_191\jre\lib\jfr.jar;C:\Java\jdk1.8.0_191\jre\classes"/>
    <property name="user.script" value=""/>
    <property name="sun.management.compiler" value="HotSpot 64-Bit Tiered Compilers"/>
    <property name="java.runtime.version" value="1.8.0_191-b12"/>
    <property name="user.name" value="chenyongjun"/>
    <property name="path.separator" value=";"/>
    <property name="os.version" value="6.2"/>
    <property name="java.endorsed.dirs" value="C:\Java\jdk1.8.0_191\jre\lib\endorsed"/>
    <property name="java.runtime.name" value="Java(TM) SE Runtime Environment"/>
    <property name="file.encoding" value="UTF-8"/>
    <property name="java.vm.name" value="Java HotSpot(TM) 64-Bit Server VM"/>
    <property name="localRepository" value="E:\Maven\.m2\repository"/>
    <property name="java.vendor.url.bug" value="http://bugreport.sun.com/bugreport/"/>
    <property name="java.io.tmpdir" value="C:\windows\TEMP\"/>
    <property name="java.version" value="1.8.0_191"/>
    <property name="user.dir" value="E:\Selenium\Code\git\SeleniumDemoProj\target"/>
    <property name="os.arch" value="amd64"/>
    <property name="java.vm.specification.name" value="Java Virtual Machine Specification"/>
    <property name="java.awt.printerjob" value="sun.awt.windows.WPrinterJob"/>
    <property name="sun.os.patch.level" value=""/>
    <property name="idea.version2019.1" value="true"/>
    <property name="java.library.path" value="C:\Java\jdk1.8.0_191\jre\bin;C:\windows\Sun\Java\bin;C:\windows\system32;C:\windows;D:\maven\apache-maven-3.6.0\bin;C:\Java\jdk1.8.0_191\bin;C:\Java\jdk1.8.0_191\jre\bin;D:\SDK/tools;D:\SDK/platform-tools;C:\Program Files (x86)\NVIDIA Corporation\PhysX\Common;C:\Program Files (x86)\Intel\iCLS Client\;C:\Program Files\Intel\iCLS Client\;C:\windows\system32;C:\windows;C:\windows\System32\Wbem;C:\windows\System32\WindowsPowerShell\v1.0\;C:\Program Files (x86)\Intel\OpenCL SDK\3.0\bin\x86;C:\Program Files (x86)\Intel\OpenCL SDK\3.0\bin\x64;C:\Program Files\Intel\Intel(R) Management Engine Components\DAL;C:\Program Files\Intel\Intel(R) Management Engine Components\IPT;C:\Program Files (x86)\Intel\Intel(R) Management Engine Components\DAL;C:\Program Files (x86)\Intel\Intel(R) Management Engine Components\IPT;C:\strawberry\c\bin;C:\strawberry\perl\bin;D:\Tools\Tomcat\tomcat-8\bin;D:\Tools\Tomcat\tomcat-8\lib;D:\Tools\Python\Python37;D:\Tools\Python\Python37\Scripts;D:\Tools\Jenkins;D:\Tools\driver\chromedriver.exe;D:\Tools\Git\cmd;;D:\Tools\Docker Toolbox;."/>
    <property name="java.vm.info" value="mixed mode"/>
    <property name="java.vendor" value="Oracle Corporation"/>
    <property name="java.vm.version" value="25.191-b12"/>
    <property name="java.ext.dirs" value="C:\Java\jdk1.8.0_191\jre\lib\ext;C:\windows\Sun\Java\lib\ext"/>
    <property name="sun.io.unicode.encoding" value="UnicodeLittle"/>
    <property name="maven.repo.local" value="E:\Maven\.m2\repository"/>
    <property name="java.class.version" value="52.0"/>
  </properties>
  <testcase name="testFindElementById" classname="per.cyj.selenium.element.FindElementByIdTest" time="2.637"/>
  <testcase name="testFindElementByName" classname="per.cyj.selenium.element.FindElementByNameTest" time="3.454"/>
  <testcase name="testFindElementByClassName" classname="per.cyj.selenium.element.FindElementByClassNameTest" time="2.511"/>
</testsuite>