<?xml version="1.0" encoding="UTF-8"?>
<!-- Generated by org.testng.reporters.JUnitReportReporter -->
<testsuite skipped="0" hostname="home-pc" name="per.cyj.selenium.element.FindElementByClassNameTest" tests="1" failures="0" timestamp="06 十月 2019 13:53:20 GMT" time="9.531" errors="0">
  <testcase name="testFindElementByClassName" time="9.531" classname="per.cyj.selenium.element.FindElementByClassNameTest"/>
</testsuite> <!-- per.cyj.selenium.element.FindElementByClassNameTest -->
