<?xml version="1.0" encoding="UTF-8"?>
<!-- Generated by org.testng.reporters.JUnitReportReporter -->
<testsuite skipped="0" hostname="home-pc" name="per.cyj.selenium.element.FindElementByNameTest" tests="1" failures="0" timestamp="06 十月 2019 13:53:20 GMT" time="13.231" errors="0">
  <testcase name="testFindElementByName" time="13.231" classname="per.cyj.selenium.element.FindElementByNameTest"/>
</testsuite> <!-- per.cyj.selenium.element.FindElementByNameTest -->
