<?xml version="1.0" encoding="UTF-8"?>
<!-- Generated by org.testng.reporters.JUnitReportReporter -->
<testsuite skipped="0" hostname="DESKTOP-V431EDA" name="per.cyj.selenium.element.FindElementByNameTest" tests="1" failures="0" timestamp="04 十月 2019 10:40:51 GMT" time="11.280" errors="0">
  <testcase name="testFindElementByName" time="11.280" classname="per.cyj.selenium.element.FindElementByNameTest"/>
</testsuite> <!-- per.cyj.selenium.element.FindElementByNameTest -->
