<?xml version="1.0" encoding="UTF-8"?>
<!-- Generated by org.testng.reporters.JUnitReportReporter -->
<testsuite skipped="0" hostname="DESKTOP-V431EDA" name="per.cyj.selenium.element.FindElementByClassNameTest" tests="1" failures="0" timestamp="04 十月 2019 10:40:51 GMT" time="11.061" errors="0">
  <testcase name="testFindElementByClassName" time="11.061" classname="per.cyj.selenium.element.FindElementByClassNameTest"/>
</testsuite> <!-- per.cyj.selenium.element.FindElementByClassNameTest -->
