<?xml version="1.0" encoding="UTF-8"?>
<!-- Generated by org.testng.reporters.JUnitReportReporter -->
<testsuite skipped="0" hostname="DESKTOP-V431EDA" name="per.cyj.selenium.element.FindElementByIdTest" tests="1" failures="0" timestamp="04 十月 2019 07:39:51 GMT" time="11.964" errors="0">
  <testcase name="testFindElementById" time="11.964" classname="per.cyj.selenium.element.FindElementByIdTest"/>
</testsuite> <!-- per.cyj.selenium.element.FindElementByIdTest -->
